[0.103s] DEBUG:colcon:Command line arguments: ['/usr/bin/colcon', 'build', '--symlink-install']
[0.104s] DEBUG:colcon:Parsed command line arguments: Namespace(log_base=None, log_level=None, verb_name='build', build_base='build', install_base='install', merge_install=False, symlink_install=True, test_result_base=None, continue_on_error=False, executor='parallel', parallel_workers=8, event_handlers=None, ignore_user_meta=False, metas=['./colcon.meta'], base_paths=['.'], packages_ignore=None, packages_ignore_regex=None, paths=None, packages_up_to=None, packages_up_to_regex=None, packages_above=None, packages_above_and_dependencies=None, packages_above_depth=None, packages_select_by_dep=None, packages_skip_by_dep=None, packages_skip_up_to=None, packages_select_build_failed=False, packages_skip_build_finished=False, packages_select_test_failures=False, packages_skip_test_passed=False, packages_select=None, packages_skip=None, packages_select_regex=None, packages_skip_regex=None, packages_start=None, packages_end=None, allow_overriding=[], cmake_args=None, cmake_target=None, cmake_target_skip_unavailable=False, cmake_clean_cache=False, cmake_clean_first=False, cmake_force_configure=False, ament_cmake_args=None, catkin_cmake_args=None, catkin_skip_building_tests=False, mixin_files=None, mixin=None, verb_parser=<colcon_mixin.mixin.mixin_argument.MixinArgumentDecorator object at 0x7d834e08c2b0>, verb_extension=<colcon_core.verb.build.BuildVerb object at 0x7d834e05bbe0>, main=<bound method BuildVerb.main of <colcon_core.verb.build.BuildVerb object at 0x7d834e05bbe0>>, mixin_verb=('build',))
[0.278s] Level 1:colcon.colcon_core.package_discovery:discover_packages(colcon_meta) check parameters
[0.278s] Level 1:colcon.colcon_core.package_discovery:discover_packages(recursive) check parameters
[0.278s] Level 1:colcon.colcon_core.package_discovery:discover_packages(ignore) check parameters
[0.278s] Level 1:colcon.colcon_core.package_discovery:discover_packages(path) check parameters
[0.278s] Level 1:colcon.colcon_core.package_discovery:discover_packages(colcon_meta) discover
[0.278s] Level 1:colcon.colcon_core.package_discovery:discover_packages(recursive) discover
[0.278s] INFO:colcon.colcon_core.package_discovery:Crawling recursively for packages in '/home/uli/rplidar_ws'
[0.278s] Level 1:colcon.colcon_core.package_identification:_identify(.) by extensions ['ignore', 'ignore_ament_install']
[0.278s] Level 1:colcon.colcon_core.package_identification:_identify(.) by extension 'ignore'
[0.278s] Level 1:colcon.colcon_core.package_identification:_identify(.) by extension 'ignore_ament_install'
[0.278s] Level 1:colcon.colcon_core.package_identification:_identify(.) by extensions ['colcon_pkg']
[0.278s] Level 1:colcon.colcon_core.package_identification:_identify(.) by extension 'colcon_pkg'
[0.279s] Level 1:colcon.colcon_core.package_identification:_identify(.) by extensions ['colcon_meta']
[0.279s] Level 1:colcon.colcon_core.package_identification:_identify(.) by extension 'colcon_meta'
[0.279s] Level 1:colcon.colcon_core.package_identification:_identify(.) by extensions ['ros']
[0.279s] Level 1:colcon.colcon_core.package_identification:_identify(.) by extension 'ros'
[0.289s] Level 1:colcon.colcon_core.package_identification:_identify(.) by extensions ['cmake', 'python']
[0.289s] Level 1:colcon.colcon_core.package_identification:_identify(.) by extension 'cmake'
[0.289s] Level 1:colcon.colcon_core.package_identification:_identify(.) by extension 'python'
[0.289s] Level 1:colcon.colcon_core.package_identification:_identify(.) by extensions ['python_setup_py']
[0.289s] Level 1:colcon.colcon_core.package_identification:_identify(.) by extension 'python_setup_py'
[0.289s] Level 1:colcon.colcon_core.package_identification:_identify(build) by extensions ['ignore', 'ignore_ament_install']
[0.289s] Level 1:colcon.colcon_core.package_identification:_identify(build) by extension 'ignore'
[0.289s] Level 1:colcon.colcon_core.package_identification:_identify(build) ignored
[0.289s] Level 1:colcon.colcon_core.package_identification:_identify(install) by extensions ['ignore', 'ignore_ament_install']
[0.290s] Level 1:colcon.colcon_core.package_identification:_identify(install) by extension 'ignore'
[0.290s] Level 1:colcon.colcon_core.package_identification:_identify(install) ignored
[0.290s] Level 1:colcon.colcon_core.package_identification:_identify(log) by extensions ['ignore', 'ignore_ament_install']
[0.290s] Level 1:colcon.colcon_core.package_identification:_identify(log) by extension 'ignore'
[0.290s] Level 1:colcon.colcon_core.package_identification:_identify(log) ignored
[0.290s] Level 1:colcon.colcon_core.package_identification:_identify(src) by extensions ['ignore', 'ignore_ament_install']
[0.290s] Level 1:colcon.colcon_core.package_identification:_identify(src) by extension 'ignore'
[0.290s] Level 1:colcon.colcon_core.package_identification:_identify(src) by extension 'ignore_ament_install'
[0.290s] Level 1:colcon.colcon_core.package_identification:_identify(src) by extensions ['colcon_pkg']
[0.290s] Level 1:colcon.colcon_core.package_identification:_identify(src) by extension 'colcon_pkg'
[0.290s] Level 1:colcon.colcon_core.package_identification:_identify(src) by extensions ['colcon_meta']
[0.290s] Level 1:colcon.colcon_core.package_identification:_identify(src) by extension 'colcon_meta'
[0.290s] Level 1:colcon.colcon_core.package_identification:_identify(src) by extensions ['ros']
[0.290s] Level 1:colcon.colcon_core.package_identification:_identify(src) by extension 'ros'
[0.290s] Level 1:colcon.colcon_core.package_identification:_identify(src) by extensions ['cmake', 'python']
[0.290s] Level 1:colcon.colcon_core.package_identification:_identify(src) by extension 'cmake'
[0.290s] Level 1:colcon.colcon_core.package_identification:_identify(src) by extension 'python'
[0.290s] Level 1:colcon.colcon_core.package_identification:_identify(src) by extensions ['python_setup_py']
[0.290s] Level 1:colcon.colcon_core.package_identification:_identify(src) by extension 'python_setup_py'
[0.291s] Level 1:colcon.colcon_core.package_identification:_identify(src/sllidar_ros2) by extensions ['ignore', 'ignore_ament_install']
[0.291s] Level 1:colcon.colcon_core.package_identification:_identify(src/sllidar_ros2) by extension 'ignore'
[0.291s] Level 1:colcon.colcon_core.package_identification:_identify(src/sllidar_ros2) by extension 'ignore_ament_install'
[0.291s] Level 1:colcon.colcon_core.package_identification:_identify(src/sllidar_ros2) by extensions ['colcon_pkg']
[0.291s] Level 1:colcon.colcon_core.package_identification:_identify(src/sllidar_ros2) by extension 'colcon_pkg'
[0.291s] Level 1:colcon.colcon_core.package_identification:_identify(src/sllidar_ros2) by extensions ['colcon_meta']
[0.291s] Level 1:colcon.colcon_core.package_identification:_identify(src/sllidar_ros2) by extension 'colcon_meta'
[0.291s] Level 1:colcon.colcon_core.package_identification:_identify(src/sllidar_ros2) by extensions ['ros']
[0.291s] Level 1:colcon.colcon_core.package_identification:_identify(src/sllidar_ros2) by extension 'ros'
[0.303s] DEBUG:colcon.colcon_core.package_identification:Package 'src/sllidar_ros2' with type 'ros.ament_cmake' and name 'sllidar_ros2'
[0.303s] Level 1:colcon.colcon_core.package_discovery:discover_packages(recursive) using defaults
[0.303s] Level 1:colcon.colcon_core.package_discovery:discover_packages(ignore) discover
[0.303s] Level 1:colcon.colcon_core.package_discovery:discover_packages(ignore) using defaults
[0.303s] Level 1:colcon.colcon_core.package_discovery:discover_packages(path) discover
[0.303s] Level 1:colcon.colcon_core.package_discovery:discover_packages(path) using defaults
[0.322s] Level 1:colcon.colcon_core.package_discovery:discover_packages(prefix_path) check parameters
[0.322s] Level 1:colcon.colcon_core.package_discovery:discover_packages(prefix_path) discover
[0.323s] WARNING:colcon.colcon_core.prefix_path.colcon:The path '/home/uli/rplidar_ros/install' in the environment variable COLCON_PREFIX_PATH doesn't exist
[0.323s] WARNING:colcon.colcon_core.prefix_path.colcon:The path '/home/uli/rplidar/install' in the environment variable COLCON_PREFIX_PATH doesn't exist
[0.323s] WARNING:colcon.colcon_ros.prefix_path.ament:The path '/home/uli/rplidar/install/rplidar_ros' in the environment variable AMENT_PREFIX_PATH doesn't exist
[0.323s] WARNING:colcon.colcon_ros.prefix_path.ament:The path '/home/uli/rplidar/install/articubot_one' in the environment variable AMENT_PREFIX_PATH doesn't exist
[0.323s] WARNING:colcon.colcon_ros.prefix_path.ament:The path '/home/uli/rplidar/install/R2D2' in the environment variable AMENT_PREFIX_PATH doesn't exist
[0.323s] WARNING:colcon.colcon_ros.prefix_path.catkin:The path '/home/uli/rplidar/install/rplidar_ros' in the environment variable CMAKE_PREFIX_PATH doesn't exist
[0.323s] WARNING:colcon.colcon_ros.prefix_path.catkin:The path '/home/uli/rplidar/install/articubot_one' in the environment variable CMAKE_PREFIX_PATH doesn't exist
[0.323s] WARNING:colcon.colcon_ros.prefix_path.catkin:The path '/home/uli/rplidar/install/R2D2' in the environment variable CMAKE_PREFIX_PATH doesn't exist
[0.325s] DEBUG:colcon.colcon_installed_package_information.package_discovery:Found 419 installed packages in /opt/ros/humble
[0.327s] Level 1:colcon.colcon_core.package_discovery:discover_packages(prefix_path) using defaults
[0.376s] Level 5:colcon.colcon_core.verb:set package 'sllidar_ros2' build argument 'cmake_args' from command line to 'None'
[0.376s] Level 5:colcon.colcon_core.verb:set package 'sllidar_ros2' build argument 'cmake_target' from command line to 'None'
[0.376s] Level 5:colcon.colcon_core.verb:set package 'sllidar_ros2' build argument 'cmake_target_skip_unavailable' from command line to 'False'
[0.376s] Level 5:colcon.colcon_core.verb:set package 'sllidar_ros2' build argument 'cmake_clean_cache' from command line to 'False'
[0.376s] Level 5:colcon.colcon_core.verb:set package 'sllidar_ros2' build argument 'cmake_clean_first' from command line to 'False'
[0.376s] Level 5:colcon.colcon_core.verb:set package 'sllidar_ros2' build argument 'cmake_force_configure' from command line to 'False'
[0.376s] Level 5:colcon.colcon_core.verb:set package 'sllidar_ros2' build argument 'ament_cmake_args' from command line to 'None'
[0.376s] Level 5:colcon.colcon_core.verb:set package 'sllidar_ros2' build argument 'catkin_cmake_args' from command line to 'None'
[0.376s] Level 5:colcon.colcon_core.verb:set package 'sllidar_ros2' build argument 'catkin_skip_building_tests' from command line to 'False'
[0.376s] DEBUG:colcon.colcon_core.verb:Building package 'sllidar_ros2' with the following arguments: {'ament_cmake_args': None, 'build_base': '/home/uli/rplidar_ws/build/sllidar_ros2', 'catkin_cmake_args': None, 'catkin_skip_building_tests': False, 'cmake_args': None, 'cmake_clean_cache': False, 'cmake_clean_first': False, 'cmake_force_configure': False, 'cmake_target': None, 'cmake_target_skip_unavailable': False, 'install_base': '/home/uli/rplidar_ws/install/sllidar_ros2', 'merge_install': False, 'path': '/home/uli/rplidar_ws/src/sllidar_ros2', 'symlink_install': True, 'test_result_base': None}
[0.376s] INFO:colcon.colcon_core.executor:Executing jobs using 'parallel' executor
[0.377s] DEBUG:colcon.colcon_parallel_executor.executor.parallel:run_until_complete
[0.377s] INFO:colcon.colcon_ros.task.ament_cmake.build:Building ROS package in '/home/uli/rplidar_ws/src/sllidar_ros2' with build type 'ament_cmake'
[0.377s] INFO:colcon.colcon_cmake.task.cmake.build:Building CMake package in '/home/uli/rplidar_ws/src/sllidar_ros2'
[0.379s] INFO:colcon.colcon_core.plugin_system:Skipping extension 'colcon_core.shell.bat': Not used on non-Windows systems
[0.379s] INFO:colcon.colcon_core.shell:Skip shell extension 'powershell' for command environment: Not usable outside of PowerShell
[0.379s] DEBUG:colcon.colcon_core.shell:Skip shell extension 'dsv' for command environment
[0.387s] DEBUG:colcon.colcon_core.event_handler.log_command:Invoking command in '/home/uli/rplidar_ws/build/sllidar_ros2': CMAKE_PREFIX_PATH=${CMAKE_PREFIX_PATH}:/opt/ros/humble /usr/bin/cmake /home/uli/rplidar_ws/src/sllidar_ros2 -DAMENT_CMAKE_SYMLINK_INSTALL=1 -DCMAKE_INSTALL_PREFIX=/home/uli/rplidar_ws/install/sllidar_ros2
[1.792s] DEBUG:colcon.colcon_core.event_handler.log_command:Invoked command in '/home/uli/rplidar_ws/build/sllidar_ros2' returned '0': CMAKE_PREFIX_PATH=${CMAKE_PREFIX_PATH}:/opt/ros/humble /usr/bin/cmake /home/uli/rplidar_ws/src/sllidar_ros2 -DAMENT_CMAKE_SYMLINK_INSTALL=1 -DCMAKE_INSTALL_PREFIX=/home/uli/rplidar_ws/install/sllidar_ros2
[1.794s] DEBUG:colcon.colcon_core.event_handler.log_command:Invoking command in '/home/uli/rplidar_ws/build/sllidar_ros2': CMAKE_PREFIX_PATH=${CMAKE_PREFIX_PATH}:/opt/ros/humble /usr/bin/cmake --build /home/uli/rplidar_ws/build/sllidar_ros2 -- -j8 -l8
[11.367s] DEBUG:colcon.colcon_core.event_handler.log_command:Invoked command in '/home/uli/rplidar_ws/build/sllidar_ros2' returned '0': CMAKE_PREFIX_PATH=${CMAKE_PREFIX_PATH}:/opt/ros/humble /usr/bin/cmake --build /home/uli/rplidar_ws/build/sllidar_ros2 -- -j8 -l8
[11.429s] DEBUG:colcon.colcon_core.event_handler.log_command:Invoking command in '/home/uli/rplidar_ws/build/sllidar_ros2': CMAKE_PREFIX_PATH=${CMAKE_PREFIX_PATH}:/opt/ros/humble /usr/bin/cmake --install /home/uli/rplidar_ws/build/sllidar_ros2
[11.792s] Level 1:colcon.colcon_core.environment:create_environment_scripts_only(sllidar_ros2)
[11.793s] DEBUG:colcon.colcon_core.event_handler.log_command:Invoked command in '/home/uli/rplidar_ws/build/sllidar_ros2' returned '0': CMAKE_PREFIX_PATH=${CMAKE_PREFIX_PATH}:/opt/ros/humble /usr/bin/cmake --install /home/uli/rplidar_ws/build/sllidar_ros2
[11.795s] Level 1:colcon.colcon_core.environment:checking '/home/uli/rplidar_ws/install/sllidar_ros2' for CMake module files
[11.795s] Level 1:colcon.colcon_core.environment:checking '/home/uli/rplidar_ws/install/sllidar_ros2' for CMake config files
[11.795s] Level 1:colcon.colcon_core.shell:create_environment_hook('sllidar_ros2', 'cmake_prefix_path')
[11.796s] INFO:colcon.colcon_core.shell:Creating environment hook '/home/uli/rplidar_ws/install/sllidar_ros2/share/sllidar_ros2/hook/cmake_prefix_path.ps1'
[11.796s] INFO:colcon.colcon_core.shell:Creating environment descriptor '/home/uli/rplidar_ws/install/sllidar_ros2/share/sllidar_ros2/hook/cmake_prefix_path.dsv'
[11.796s] INFO:colcon.colcon_core.shell:Creating environment hook '/home/uli/rplidar_ws/install/sllidar_ros2/share/sllidar_ros2/hook/cmake_prefix_path.sh'
[11.797s] Level 1:colcon.colcon_core.environment:checking '/home/uli/rplidar_ws/install/sllidar_ros2/lib'
[11.797s] Level 1:colcon.colcon_core.environment:checking '/home/uli/rplidar_ws/install/sllidar_ros2/bin'
[11.797s] Level 1:colcon.colcon_core.environment:checking '/home/uli/rplidar_ws/install/sllidar_ros2/lib/pkgconfig/sllidar_ros2.pc'
[11.798s] Level 1:colcon.colcon_core.environment:checking '/home/uli/rplidar_ws/install/sllidar_ros2/lib/python3.10/site-packages'
[11.798s] Level 1:colcon.colcon_core.environment:checking '/home/uli/rplidar_ws/install/sllidar_ros2/bin'
[11.798s] INFO:colcon.colcon_core.shell:Creating package script '/home/uli/rplidar_ws/install/sllidar_ros2/share/sllidar_ros2/package.ps1'
[11.799s] INFO:colcon.colcon_core.shell:Creating package descriptor '/home/uli/rplidar_ws/install/sllidar_ros2/share/sllidar_ros2/package.dsv'
[11.799s] INFO:colcon.colcon_core.shell:Creating package script '/home/uli/rplidar_ws/install/sllidar_ros2/share/sllidar_ros2/package.sh'
[11.800s] INFO:colcon.colcon_core.shell:Creating package script '/home/uli/rplidar_ws/install/sllidar_ros2/share/sllidar_ros2/package.bash'
[11.800s] INFO:colcon.colcon_core.shell:Creating package script '/home/uli/rplidar_ws/install/sllidar_ros2/share/sllidar_ros2/package.zsh'
[11.801s] Level 1:colcon.colcon_core.environment:create_file_with_runtime_dependencies(/home/uli/rplidar_ws/install/sllidar_ros2/share/colcon-core/packages/sllidar_ros2)
[11.856s] Level 1:colcon.colcon_core.environment:create_environment_scripts_only(sllidar_ros2)
[11.856s] Level 1:colcon.colcon_core.environment:checking '/home/uli/rplidar_ws/install/sllidar_ros2' for CMake module files
[11.857s] Level 1:colcon.colcon_core.environment:checking '/home/uli/rplidar_ws/install/sllidar_ros2' for CMake config files
[11.857s] Level 1:colcon.colcon_core.shell:create_environment_hook('sllidar_ros2', 'cmake_prefix_path')
[11.857s] INFO:colcon.colcon_core.shell:Creating environment hook '/home/uli/rplidar_ws/install/sllidar_ros2/share/sllidar_ros2/hook/cmake_prefix_path.ps1'
[11.858s] INFO:colcon.colcon_core.shell:Creating environment descriptor '/home/uli/rplidar_ws/install/sllidar_ros2/share/sllidar_ros2/hook/cmake_prefix_path.dsv'
[11.858s] INFO:colcon.colcon_core.shell:Creating environment hook '/home/uli/rplidar_ws/install/sllidar_ros2/share/sllidar_ros2/hook/cmake_prefix_path.sh'
[11.858s] Level 1:colcon.colcon_core.environment:checking '/home/uli/rplidar_ws/install/sllidar_ros2/lib'
[11.858s] Level 1:colcon.colcon_core.environment:checking '/home/uli/rplidar_ws/install/sllidar_ros2/bin'
[11.858s] Level 1:colcon.colcon_core.environment:checking '/home/uli/rplidar_ws/install/sllidar_ros2/lib/pkgconfig/sllidar_ros2.pc'
[11.859s] Level 1:colcon.colcon_core.environment:checking '/home/uli/rplidar_ws/install/sllidar_ros2/lib/python3.10/site-packages'
[11.859s] Level 1:colcon.colcon_core.environment:checking '/home/uli/rplidar_ws/install/sllidar_ros2/bin'
[11.859s] INFO:colcon.colcon_core.shell:Creating package script '/home/uli/rplidar_ws/install/sllidar_ros2/share/sllidar_ros2/package.ps1'
[11.860s] INFO:colcon.colcon_core.shell:Creating package descriptor '/home/uli/rplidar_ws/install/sllidar_ros2/share/sllidar_ros2/package.dsv'
[11.860s] INFO:colcon.colcon_core.shell:Creating package script '/home/uli/rplidar_ws/install/sllidar_ros2/share/sllidar_ros2/package.sh'
[11.861s] INFO:colcon.colcon_core.shell:Creating package script '/home/uli/rplidar_ws/install/sllidar_ros2/share/sllidar_ros2/package.bash'
[11.861s] INFO:colcon.colcon_core.shell:Creating package script '/home/uli/rplidar_ws/install/sllidar_ros2/share/sllidar_ros2/package.zsh'
[11.861s] Level 1:colcon.colcon_core.environment:create_file_with_runtime_dependencies(/home/uli/rplidar_ws/install/sllidar_ros2/share/colcon-core/packages/sllidar_ros2)
[11.861s] DEBUG:colcon.colcon_parallel_executor.executor.parallel:closing loop
[11.862s] DEBUG:colcon.colcon_parallel_executor.executor.parallel:loop closed
[11.862s] DEBUG:colcon.colcon_parallel_executor.executor.parallel:run_until_complete finished with '0'
[11.862s] DEBUG:colcon.colcon_core.event_reactor:joining thread
[11.882s] INFO:colcon.colcon_core.plugin_system:Skipping extension 'colcon_notification.desktop_notification.terminal_notifier': Not used on non-Darwin systems
[11.882s] INFO:colcon.colcon_core.plugin_system:Skipping extension 'colcon_notification.desktop_notification.win32': Not used on non-Windows systems
[11.882s] INFO:colcon.colcon_notification.desktop_notification:Sending desktop notification using 'notify2'
[11.894s] DEBUG:colcon.colcon_core.event_reactor:joined thread
[11.894s] INFO:colcon.colcon_core.shell:Creating prefix script '/home/uli/rplidar_ws/install/local_setup.ps1'
[11.896s] INFO:colcon.colcon_core.shell:Creating prefix util module '/home/uli/rplidar_ws/install/_local_setup_util_ps1.py'
[11.897s] INFO:colcon.colcon_core.shell:Creating prefix chain script '/home/uli/rplidar_ws/install/setup.ps1'
[11.898s] INFO:colcon.colcon_core.shell:Creating prefix script '/home/uli/rplidar_ws/install/local_setup.sh'
[11.899s] INFO:colcon.colcon_core.shell:Creating prefix util module '/home/uli/rplidar_ws/install/_local_setup_util_sh.py'
[11.899s] INFO:colcon.colcon_core.shell:Creating prefix chain script '/home/uli/rplidar_ws/install/setup.sh'
[11.900s] INFO:colcon.colcon_core.shell:Creating prefix script '/home/uli/rplidar_ws/install/local_setup.bash'
[11.900s] INFO:colcon.colcon_core.shell:Creating prefix chain script '/home/uli/rplidar_ws/install/setup.bash'
[11.901s] INFO:colcon.colcon_core.shell:Creating prefix script '/home/uli/rplidar_ws/install/local_setup.zsh'
[11.902s] INFO:colcon.colcon_core.shell:Creating prefix chain script '/home/uli/rplidar_ws/install/setup.zsh'
